Mon Feb 26 17:36:46 CET 2018 : Apache Derby Network Server - 10.11.1.2 - (1629631) démarré et prêt à accepter les connexions sur le port 1527
----------------------------------------------------------------
Mon Feb 26 17:37:44 CET 2018:
Amorçage de Derby version The Apache Software Foundation - Apache Derby - 10.11.1.2 - (1629631) : instance a816c00e-0161-d2f9-43d9-ffffe7b5c910 
dans le répertoire de base de données C:\Users\romai\OneDrive\Documents\NetBeansProjects\DASI\positif\dbtest avec le chargeur de classe sun.misc.Launcher$AppClassLoader@1d44bcfa
Chargé de file:/C:/Program%20Files/Java/jdk1.8.0_151/db/lib/derby.jar
java.vendor=Oracle Corporation
java.runtime.version=1.8.0_151-b12
user.dir=C:\Program Files\Java\jdk1.8.0_151\db
os.name=Windows 10
os.arch=amd64
os.version=10.0
derby.system.home=C:\Users\romai\OneDrive\Documents\NetBeansProjects\DASI\positif
Chargeur de classe de la base de données démarré - derby.database.classpath = ''
----------------------------------------------------------------
Mon Feb 26 17:37:45 CET 2018:
Fermeture de l'instance a816c00e-0161-d2f9-43d9-ffffe7b5c910 sur le répertoire de base de données C:\Users\romai\OneDrive\Documents\NetBeansProjects\DASI\positif\dbtest avec le chargeur de classe sun.misc.Launcher$AppClassLoader@1d44bcfa 
Mon Feb 26 17:37:45 CET 2018 Thread[DRDAConnThread_3,5,main] (DATABASE = dbtest), (DRDAID = {2}), Arrêt de la base de données 'dbtest'.
----------------------------------------------------------------
Mon Feb 26 17:37:53 CET 2018:
Amorçage de Derby version The Apache Software Foundation - Apache Derby - 10.11.1.2 - (1629631) : instance a65c80ac-0161-d2f9-43d9-ffffe7b5c910 
dans le répertoire de base de données C:\Users\romai\OneDrive\Documents\NetBeansProjects\DASI\positif\dbtest avec le chargeur de classe sun.misc.Launcher$AppClassLoader@1d44bcfa
Chargé de file:/C:/Program%20Files/Java/jdk1.8.0_151/db/lib/derby.jar
java.vendor=Oracle Corporation
java.runtime.version=1.8.0_151-b12
user.dir=C:\Program Files\Java\jdk1.8.0_151\db
os.name=Windows 10
os.arch=amd64
os.version=10.0
derby.system.home=C:\Users\romai\OneDrive\Documents\NetBeansProjects\DASI\positif
Chargeur de classe de la base de données démarré - derby.database.classpath = ''
----------------------------------------------------------------
Mon Feb 26 17:38:32 CET 2018:
Fermeture de l'instance a65c80ac-0161-d2f9-43d9-ffffe7b5c910 sur le répertoire de base de données C:\Users\romai\OneDrive\Documents\NetBeansProjects\DASI\positif\dbtest avec le chargeur de classe sun.misc.Launcher$AppClassLoader@1d44bcfa 
Mon Feb 26 17:38:32 CET 2018 Thread[DRDAConnThread_2,5,main] (DATABASE = dbtest), (DRDAID = {5}), Arrêt de la base de données 'dbtest'.
----------------------------------------------------------------
Mon Feb 26 17:38:44 CET 2018:
Amorçage de Derby version The Apache Software Foundation - Apache Derby - 10.11.1.2 - (1629631) : instance 74d240cf-0161-d2f9-43d9-ffffe7b5c910 
dans le répertoire de base de données C:\Users\romai\OneDrive\Documents\NetBeansProjects\DASI\positif\dbtest avec le chargeur de classe sun.misc.Launcher$AppClassLoader@1d44bcfa
Chargé de file:/C:/Program%20Files/Java/jdk1.8.0_151/db/lib/derby.jar
java.vendor=Oracle Corporation
java.runtime.version=1.8.0_151-b12
user.dir=C:\Program Files\Java\jdk1.8.0_151\db
os.name=Windows 10
os.arch=amd64
os.version=10.0
derby.system.home=C:\Users\romai\OneDrive\Documents\NetBeansProjects\DASI\positif
Chargeur de classe de la base de données démarré - derby.database.classpath = ''
----------------------------------------------------------------
Mon Feb 26 17:38:45 CET 2018:
Fermeture de l'instance 74d240cf-0161-d2f9-43d9-ffffe7b5c910 sur le répertoire de base de données C:\Users\romai\OneDrive\Documents\NetBeansProjects\DASI\positif\dbtest avec le chargeur de classe sun.misc.Launcher$AppClassLoader@1d44bcfa 
Mon Feb 26 17:38:46 CET 2018 Thread[DRDAConnThread_2,5,main] (DATABASE = dbtest), (DRDAID = {7}), Arrêt de la base de données 'dbtest'.
----------------------------------------------------------------
Mon Feb 26 17:38:47 CET 2018:
Amorçage de Derby version The Apache Software Foundation - Apache Derby - 10.11.1.2 - (1629631) : instance 00df816d-0161-d2f9-43d9-ffffe7b5c910 
dans le répertoire de base de données C:\Users\romai\OneDrive\Documents\NetBeansProjects\DASI\positif\dbtest avec le chargeur de classe sun.misc.Launcher$AppClassLoader@1d44bcfa
Chargé de file:/C:/Program%20Files/Java/jdk1.8.0_151/db/lib/derby.jar
java.vendor=Oracle Corporation
java.runtime.version=1.8.0_151-b12
user.dir=C:\Program Files\Java\jdk1.8.0_151\db
os.name=Windows 10
os.arch=amd64
os.version=10.0
derby.system.home=C:\Users\romai\OneDrive\Documents\NetBeansProjects\DASI\positif
Chargeur de classe de la base de données démarré - derby.database.classpath = ''
----------------------------------------------------------------
Mon Feb 26 17:46:25 CET 2018:
Fermeture de l'instance 00df816d-0161-d2f9-43d9-ffffe7b5c910 sur le répertoire de base de données C:\Users\romai\OneDrive\Documents\NetBeansProjects\DASI\positif\dbtest avec le chargeur de classe sun.misc.Launcher$AppClassLoader@1d44bcfa 
Mon Feb 26 17:46:25 CET 2018 Thread[DRDAConnThread_4,5,main] (DATABASE = dbtest), (DRDAID = {9}), Arrêt de la base de données 'dbtest'.
